2018-08-10 09:43:49,667 [Worker-0: Loading available Gradle versions] INFO  c.g.t.t.d.PublishedGradleVersions - Gradle version information cache is out-of-date. Trying to update.
2018-08-10 10:04:29,662 [Worker-2: Loading available Gradle versions] INFO  c.g.t.t.d.PublishedGradleVersions - Gradle version information cache is up-to-date. Trying to read.
2018-08-10 10:07:53,377 [Worker-0: Loading available Gradle versions] INFO  c.g.t.t.d.PublishedGradleVersions - Gradle version information cache is up-to-date. Trying to read.
2018-08-10 10:20:05,008 [Worker-6: Loading available Gradle versions] INFO  c.g.t.t.d.PublishedGradleVersions - Gradle version information cache is up-to-date. Trying to read.
2018-08-10 10:59:49,734 [Worker-4: Loading available Gradle versions] INFO  c.g.t.t.d.PublishedGradleVersions - Gradle version information cache is up-to-date. Trying to read.
2018-08-21 09:56:16,176 [main] ERROR o.e.m.c.i.p.r.ProjectRegistryReader - Can't read workspace state
java.io.InvalidClassException: org.eclipse.m2e.core.internal.project.registry.BasicProjectRegistry; local class incompatible: stream classdesc serialVersionUID = 6232274446642339434, local class serialVersionUID = 5542512601401896748
	at java.io.ObjectStreamClass.initNonProxy(ObjectStreamClass.java:621) ~[na:1.8.0_40]
	at java.io.ObjectInputStream.readNonProxyDesc(ObjectInputStream.java:1623) ~[na:1.8.0_40]
	at java.io.ObjectInputStream.readClassDesc(ObjectInputStream.java:1518) ~[na:1.8.0_40]
	at java.io.ObjectInputStream.readNonProxyDesc(ObjectInputStream.java:1623) ~[na:1.8.0_40]
	at java.io.ObjectInputStream.readClassDesc(ObjectInputStream.java:1518) ~[na:1.8.0_40]
	at java.io.ObjectInputStream.readOrdinaryObject(ObjectInputStream.java:1774) ~[na:1.8.0_40]
	at java.io.ObjectInputStream.readObject0(ObjectInputStream.java:1351) ~[na:1.8.0_40]
	at java.io.ObjectInputStream.readObject(ObjectInputStream.java:371) ~[na:1.8.0_40]
	at org.eclipse.m2e.core.internal.project.registry.ProjectRegistryReader.readWorkspaceState(ProjectRegistryReader.java:100) ~[org.eclipse.m2e.core_1.5.1.20150109-1820.jar:na]
	at org.eclipse.m2e.core.internal.project.registry.ProjectRegistryManager.<init>(ProjectRegistryManager.java:160) [org.eclipse.m2e.core_1.5.1.20150109-1820.jar:na]
	at org.eclipse.m2e.core.internal.MavenPluginActivator.start(MavenPluginActivator.java:210) [org.eclipse.m2e.core_1.5.1.20150109-1820.jar:na]
	at org.eclipse.osgi.internal.framework.BundleContextImpl$3.run(BundleContextImpl.java:771) [org.eclipse.osgi_3.10.2.v20150203-1939.jar:na]
	at org.eclipse.osgi.internal.framework.BundleContextImpl$3.run(BundleContextImpl.java:1) [org.eclipse.osgi_3.10.2.v20150203-1939.jar:na]
	at java.security.AccessController.doPrivileged(Native Method) [na:1.8.0_40]
	at org.eclipse.osgi.internal.framework.BundleContextImpl.startActivator(BundleContextImpl.java:764) [org.eclipse.osgi_3.10.2.v20150203-1939.jar:na]
	at org.eclipse.osgi.internal.framework.BundleContextImpl.start(BundleContextImpl.java:721) [org.eclipse.osgi_3.10.2.v20150203-1939.jar:na]
	at org.eclipse.osgi.internal.framework.EquinoxBundle.startWorker0(EquinoxBundle.java:936) [org.eclipse.osgi_3.10.2.v20150203-1939.jar:na]
	at org.eclipse.osgi.internal.framework.EquinoxBundle$EquinoxModule.startWorker(EquinoxBundle.java:319) [org.eclipse.osgi_3.10.2.v20150203-1939.jar:na]
	at org.eclipse.osgi.container.Module.doStart(Module.java:571) [org.eclipse.osgi_3.10.2.v20150203-1939.jar:na]
	at org.eclipse.osgi.container.Module.start(Module.java:439) [org.eclipse.osgi_3.10.2.v20150203-1939.jar:na]
	at org.eclipse.osgi.framework.util.SecureAction.start(SecureAction.java:454) [org.eclipse.osgi_3.10.2.v20150203-1939.jar:na]
	at org.eclipse.osgi.internal.hooks.EclipseLazyStarter.postFindLocalClass(EclipseLazyStarter.java:107) [org.eclipse.osgi_3.10.2.v20150203-1939.jar:na]
	at org.eclipse.osgi.internal.loader.classpath.ClasspathManager.findLocalClass(ClasspathManager.java:531) [org.eclipse.osgi_3.10.2.v20150203-1939.jar:na]
	at org.eclipse.osgi.internal.loader.ModuleClassLoader.findLocalClass(ModuleClassLoader.java:324) [org.eclipse.osgi_3.10.2.v20150203-1939.jar:na]
	at org.eclipse.osgi.internal.loader.BundleLoader.findLocalClass(BundleLoader.java:320) [org.eclipse.osgi_3.10.2.v20150203-1939.jar:na]
	at org.eclipse.osgi.internal.loader.sources.SingleSourcePackage.loadClass(SingleSourcePackage.java:36) [org.eclipse.osgi_3.10.2.v20150203-1939.jar:na]
	at org.eclipse.osgi.internal.loader.BundleLoader.findClassInternal(BundleLoader.java:391) [org.eclipse.osgi_3.10.2.v20150203-1939.jar:na]
	at org.eclipse.osgi.internal.loader.BundleLoader.findClass(BundleLoader.java:345) [org.eclipse.osgi_3.10.2.v20150203-1939.jar:na]
	at org.eclipse.osgi.internal.loader.BundleLoader.findClass(BundleLoader.java:337) [org.eclipse.osgi_3.10.2.v20150203-1939.jar:na]
	at org.eclipse.osgi.internal.loader.ModuleClassLoader.loadClass(ModuleClassLoader.java:160) [org.eclipse.osgi_3.10.2.v20150203-1939.jar:na]
	at java.lang.ClassLoader.loadClass(ClassLoader.java:357) [na:1.8.0_40]
	at org.eclipse.m2e.jdt.MavenJdtPlugin.start(MavenJdtPlugin.java:93) [org.eclipse.m2e.jdt_1.5.1.20150109-1820.jar:na]
	at org.eclipse.osgi.internal.framework.BundleContextImpl$3.run(BundleContextImpl.java:771) [org.eclipse.osgi_3.10.2.v20150203-1939.jar:na]
	at org.eclipse.osgi.internal.framework.BundleContextImpl$3.run(BundleContextImpl.java:1) [org.eclipse.osgi_3.10.2.v20150203-1939.jar:na]
	at java.security.AccessController.doPrivileged(Native Method) [na:1.8.0_40]
	at org.eclipse.osgi.internal.framework.BundleContextImpl.startActivator(BundleContextImpl.java:764) [org.eclipse.osgi_3.10.2.v20150203-1939.jar:na]
	at org.eclipse.osgi.internal.framework.BundleContextImpl.start(BundleContextImpl.java:721) [org.eclipse.osgi_3.10.2.v20150203-1939.jar:na]
	at org.eclipse.osgi.internal.framework.EquinoxBundle.startWorker0(EquinoxBundle.java:936) [org.eclipse.osgi_3.10.2.v20150203-1939.jar:na]
	at org.eclipse.osgi.internal.framework.EquinoxBundle$EquinoxModule.startWorker(EquinoxBundle.java:319) [org.eclipse.osgi_3.10.2.v20150203-1939.jar:na]
	at org.eclipse.osgi.container.Module.doStart(Module.java:571) [org.eclipse.osgi_3.10.2.v20150203-1939.jar:na]
	at org.eclipse.osgi.container.Module.start(Module.java:439) [org.eclipse.osgi_3.10.2.v20150203-1939.jar:na]
	at org.eclipse.osgi.framework.util.SecureAction.start(SecureAction.java:454) [org.eclipse.osgi_3.10.2.v20150203-1939.jar:na]
	at org.eclipse.osgi.internal.hooks.EclipseLazyStarter.postFindLocalClass(EclipseLazyStarter.java:107) [org.eclipse.osgi_3.10.2.v20150203-1939.jar:na]
	at org.eclipse.osgi.internal.loader.classpath.ClasspathManager.findLocalClass(ClasspathManager.java:531) [org.eclipse.osgi_3.10.2.v20150203-1939.jar:na]
	at org.eclipse.osgi.internal.loader.ModuleClassLoader.findLocalClass(ModuleClassLoader.java:324) [org.eclipse.osgi_3.10.2.v20150203-1939.jar:na]
	at org.eclipse.osgi.internal.loader.BundleLoader.findLocalClass(BundleLoader.java:320) [org.eclipse.osgi_3.10.2.v20150203-1939.jar:na]
	at org.eclipse.osgi.internal.loader.BundleLoader.findClassInternal(BundleLoader.java:395) [org.eclipse.osgi_3.10.2.v20150203-1939.jar:na]
	at org.eclipse.osgi.internal.loader.BundleLoader.findClass(BundleLoader.java:345) [org.eclipse.osgi_3.10.2.v20150203-1939.jar:na]
	at org.eclipse.osgi.internal.loader.BundleLoader.findClass(BundleLoader.java:337) [org.eclipse.osgi_3.10.2.v20150203-1939.jar:na]
	at org.eclipse.osgi.internal.loader.ModuleClassLoader.loadClass(ModuleClassLoader.java:160) [org.eclipse.osgi_3.10.2.v20150203-1939.jar:na]
	at java.lang.ClassLoader.loadClass(ClassLoader.java:357) [na:1.8.0_40]
	at org.eclipse.osgi.internal.framework.EquinoxBundle.loadClass(EquinoxBundle.java:568) [org.eclipse.osgi_3.10.2.v20150203-1939.jar:na]
	at org.eclipse.core.internal.registry.osgi.RegistryStrategyOSGI.createExecutableExtension(RegistryStrategyOSGI.java:174) [org.eclipse.equinox.registry_3.5.400.v20140428-1507.jar:na]
	at org.eclipse.core.internal.registry.ExtensionRegistry.createExecutableExtension(ExtensionRegistry.java:905) [org.eclipse.equinox.registry_3.5.400.v20140428-1507.jar:na]
	at org.eclipse.core.internal.registry.ConfigurationElement.createExecutableExtension(ConfigurationElement.java:243) [org.eclipse.equinox.registry_3.5.400.v20140428-1507.jar:na]
	at org.eclipse.core.internal.registry.ConfigurationElementHandle.createExecutableExtension(ConfigurationElementHandle.java:55) [org.eclipse.equinox.registry_3.5.400.v20140428-1507.jar:na]
	at org.eclipse.jdt.core.JavaCore.getClasspathVariableInitializer(JavaCore.java:3498) [org.eclipse.jdt.core_3.10.2.v20150120-1634.jar:na]
	at org.eclipse.jdt.core.JavaCore.getClasspathVariable(JavaCore.java:3361) [org.eclipse.jdt.core_3.10.2.v20150120-1634.jar:na]
	at org.eclipse.jdt.internal.ui.wizards.buildpaths.VariableBlock.refresh(VariableBlock.java:409) [org.eclipse.jdt.ui_3.10.2.v20141014-1419.jar:na]
	at org.eclipse.jdt.internal.ui.wizards.buildpaths.VariableBlock.<init>(VariableBlock.java:111) [org.eclipse.jdt.ui_3.10.2.v20141014-1419.jar:na]
	at org.eclipse.jdt.internal.ui.preferences.ClasspathVariablesPreferencePage.<init>(ClasspathVariablesPreferencePage.java:50) [org.eclipse.jdt.ui_3.10.2.v20141014-1419.jar:na]
	at sun.reflect.NativeConstructorAccessorImpl.newInstance0(Native Method) [na:1.8.0_40]
	at sun.reflect.NativeConstructorAccessorImpl.newInstance(NativeConstructorAccessorImpl.java:62) [na:1.8.0_40]
	at sun.reflect.DelegatingConstructorAccessorImpl.newInstance(DelegatingConstructorAccessorImpl.java:45) [na:1.8.0_40]
	at java.lang.reflect.Constructor.newInstance(Constructor.java:422) [na:1.8.0_40]
	at java.lang.Class.newInstance(Class.java:442) [na:1.8.0_40]
	at org.eclipse.core.internal.registry.osgi.RegistryStrategyOSGI.createExecutableExtension(RegistryStrategyOSGI.java:184) [org.eclipse.equinox.registry_3.5.400.v20140428-1507.jar:na]
	at org.eclipse.core.internal.registry.ExtensionRegistry.createExecutableExtension(ExtensionRegistry.java:905) [org.eclipse.equinox.registry_3.5.400.v20140428-1507.jar:na]
	at org.eclipse.core.internal.registry.ConfigurationElement.createExecutableExtension(ConfigurationElement.java:243) [org.eclipse.equinox.registry_3.5.400.v20140428-1507.jar:na]
	at org.eclipse.core.internal.registry.ConfigurationElementHandle.createExecutableExtension(ConfigurationElementHandle.java:55) [org.eclipse.equinox.registry_3.5.400.v20140428-1507.jar:na]
	at org.eclipse.ui.internal.WorkbenchPlugin.createExtension(WorkbenchPlugin.java:285) [org.eclipse.ui.workbench_3.106.2.v20150204-1030.jar:na]
	at org.eclipse.ui.internal.dialogs.WorkbenchPreferenceNode.createPage(WorkbenchPreferenceNode.java:48) [org.eclipse.ui.workbench_3.106.2.v20150204-1030.jar:na]
	at org.eclipse.jface.preference.PreferenceDialog.createPage(PreferenceDialog.java:1372) [org.eclipse.jface_3.10.2.v20141021-1035.jar:na]
	at org.eclipse.ui.internal.dialogs.FilteredPreferenceDialog.createPage(FilteredPreferenceDialog.java:385) [org.eclipse.ui.workbench_3.106.2.v20150204-1030.jar:na]
	at org.eclipse.jface.preference.PreferenceDialog.showPage(PreferenceDialog.java:1259) [org.eclipse.jface_3.10.2.v20141021-1035.jar:na]
	at org.eclipse.ui.internal.dialogs.FilteredPreferenceDialog.showPage(FilteredPreferenceDialog.java:699) [org.eclipse.ui.workbench_3.106.2.v20150204-1030.jar:na]
	at org.eclipse.jface.preference.PreferenceDialog$9$1.run(PreferenceDialog.java:730) [org.eclipse.jface_3.10.2.v20141021-1035.jar:na]
	at org.eclipse.swt.custom.BusyIndicator.showWhile(BusyIndicator.java:70) [org.eclipse.swt.win32.win32.x86_3.103.2.v20150203-1351.jar:na]
	at org.eclipse.jface.preference.PreferenceDialog$9.selectionChanged(PreferenceDialog.java:725) [org.eclipse.jface_3.10.2.v20141021-1035.jar:na]
	at org.eclipse.jface.viewers.StructuredViewer$3.run(StructuredViewer.java:876) [org.eclipse.jface_3.10.2.v20141021-1035.jar:na]
	at org.eclipse.core.runtime.SafeRunner.run(SafeRunner.java:42) [org.eclipse.equinox.common_3.6.200.v20130402-1505.jar:na]
	at org.eclipse.ui.internal.JFaceUtil$1.run(JFaceUtil.java:50) [org.eclipse.ui.workbench_3.106.2.v20150204-1030.jar:na]
	at org.eclipse.jface.util.SafeRunnable.run(SafeRunnable.java:178) [org.eclipse.jface_3.10.2.v20141021-1035.jar:na]
	at org.eclipse.jface.viewers.StructuredViewer.firePostSelectionChanged(StructuredViewer.java:873) [org.eclipse.jface_3.10.2.v20141021-1035.jar:na]
	at org.eclipse.jface.viewers.StructuredViewer.handlePostSelect(StructuredViewer.java:1217) [org.eclipse.jface_3.10.2.v20141021-1035.jar:na]
	at org.eclipse.jface.viewers.StructuredViewer$5.widgetSelected(StructuredViewer.java:1243) [org.eclipse.jface_3.10.2.v20141021-1035.jar:na]
	at org.eclipse.jface.util.OpenStrategy.firePostSelectionEvent(OpenStrategy.java:265) [org.eclipse.jface_3.10.2.v20141021-1035.jar:na]
	at org.eclipse.jface.util.OpenStrategy.access$5(OpenStrategy.java:259) [org.eclipse.jface_3.10.2.v20141021-1035.jar:na]
	at org.eclipse.jface.util.OpenStrategy$1$2.run(OpenStrategy.java:440) [org.eclipse.jface_3.10.2.v20141021-1035.jar:na]
	at org.eclipse.swt.widgets.RunnableLock.run(RunnableLock.java:35) [org.eclipse.swt.win32.win32.x86_3.103.2.v20150203-1351.jar:na]
	at org.eclipse.swt.widgets.Synchronizer.runAsyncMessages(Synchronizer.java:136) [org.eclipse.swt.win32.win32.x86_3.103.2.v20150203-1351.jar:na]
	at org.eclipse.swt.widgets.Display.runAsyncMessages(Display.java:4147) [org.eclipse.swt.win32.win32.x86_3.103.2.v20150203-1351.jar:na]
	at org.eclipse.swt.widgets.Display.readAndDispatch(Display.java:3764) [org.eclipse.swt.win32.win32.x86_3.103.2.v20150203-1351.jar:na]
	at org.eclipse.jface.window.Window.runEventLoop(Window.java:832) [org.eclipse.jface_3.10.2.v20141021-1035.jar:na]
	at org.eclipse.jface.window.Window.open(Window.java:808) [org.eclipse.jface_3.10.2.v20141021-1035.jar:na]
	at org.eclipse.ui.internal.dialogs.WorkbenchPreferenceDialog.open(WorkbenchPreferenceDialog.java:221) [org.eclipse.ui.workbench_3.106.2.v20150204-1030.jar:na]
	at org.eclipse.ui.internal.OpenPreferencesAction.run(OpenPreferencesAction.java:66) [org.eclipse.ui.workbench_3.106.2.v20150204-1030.jar:na]
	at org.eclipse.jface.action.Action.runWithEvent(Action.java:519) [org.eclipse.jface_3.10.2.v20141021-1035.jar:na]
	at org.eclipse.jface.action.ActionContributionItem.handleWidgetSelection(ActionContributionItem.java:595) [org.eclipse.jface_3.10.2.v20141021-1035.jar:na]
	at org.eclipse.jface.action.ActionContributionItem.access$2(ActionContributionItem.java:511) [org.eclipse.jface_3.10.2.v20141021-1035.jar:na]
	at org.eclipse.jface.action.ActionContributionItem$5.handleEvent(ActionContributionItem.java:420) [org.eclipse.jface_3.10.2.v20141021-1035.jar:na]
	at org.eclipse.swt.widgets.EventTable.sendEvent(EventTable.java:84) [org.eclipse.swt.win32.win32.x86_3.103.2.v20150203-1351.jar:na]
	at org.eclipse.swt.widgets.Display.sendEvent(Display.java:4353) [org.eclipse.swt.win32.win32.x86_3.103.2.v20150203-1351.jar:na]
	at org.eclipse.swt.widgets.Widget.sendEvent(Widget.java:1061) [org.eclipse.swt.win32.win32.x86_3.103.2.v20150203-1351.jar:na]
	at org.eclipse.swt.widgets.Display.runDeferredEvents(Display.java:4172) [org.eclipse.swt.win32.win32.x86_3.103.2.v20150203-1351.jar:na]
	at org.eclipse.swt.widgets.Display.readAndDispatch(Display.java:3761) [org.eclipse.swt.win32.win32.x86_3.103.2.v20150203-1351.jar:na]
	at org.eclipse.e4.ui.internal.workbench.swt.PartRenderingEngine$9.run(PartRenderingEngine.java:1151) [org.eclipse.e4.ui.workbench.swt_0.12.100.v20141126-1150.jar:na]
	at org.eclipse.core.databinding.observable.Realm.runWithDefault(Realm.java:332) [org.eclipse.core.databinding.observable_1.4.1.v20140210-1835.jar:na]
	at org.eclipse.e4.ui.internal.workbench.swt.PartRenderingEngine.run(PartRenderingEngine.java:1032) [org.eclipse.e4.ui.workbench.swt_0.12.100.v20141126-1150.jar:na]
	at org.eclipse.e4.ui.internal.workbench.E4Workbench.createAndRunUI(E4Workbench.java:148) [org.eclipse.e4.ui.workbench_1.2.2.v20141212-1259.jar:na]
	at org.eclipse.ui.internal.Workbench$5.run(Workbench.java:636) [org.eclipse.ui.workbench_3.106.2.v20150204-1030.jar:na]
	at org.eclipse.core.databinding.observable.Realm.runWithDefault(Realm.java:332) [org.eclipse.core.databinding.observable_1.4.1.v20140210-1835.jar:na]
	at org.eclipse.ui.internal.Workbench.createAndRunWorkbench(Workbench.java:579) [org.eclipse.ui.workbench_3.106.2.v20150204-1030.jar:na]
	at org.eclipse.ui.PlatformUI.createAndRunWorkbench(PlatformUI.java:150) [org.eclipse.ui.workbench_3.106.2.v20150204-1030.jar:na]
	at org.eclipse.ui.internal.ide.application.IDEApplication.start(IDEApplication.java:135) [org.eclipse.ui.ide.application_1.0.501.v20141111-1238.jar:na]
	at org.eclipse.equinox.internal.app.EclipseAppHandle.run(EclipseAppHandle.java:196) [org.eclipse.equinox.app_1.3.200.v20130910-1609.jar:na]
	at org.eclipse.core.runtime.internal.adaptor.EclipseAppLauncher.runApplication(EclipseAppLauncher.java:134) [org.eclipse.osgi_3.10.2.v20150203-1939.jar:na]
	at org.eclipse.core.runtime.internal.adaptor.EclipseAppLauncher.start(EclipseAppLauncher.java:104) [org.eclipse.osgi_3.10.2.v20150203-1939.jar:na]
	at org.eclipse.core.runtime.adaptor.EclipseStarter.run(EclipseStarter.java:380) [org.eclipse.osgi_3.10.2.v20150203-1939.jar:na]
	at org.eclipse.core.runtime.adaptor.EclipseStarter.run(EclipseStarter.java:235) [org.eclipse.osgi_3.10.2.v20150203-1939.jar:na]
	at sun.reflect.NativeMethodAccessorImpl.invoke0(Native Method) ~[na:1.8.0_40]
	at sun.reflect.NativeMethodAccessorImpl.invoke(NativeMethodAccessorImpl.java:62) ~[na:1.8.0_40]
	at sun.reflect.DelegatingMethodAccessorImpl.invoke(DelegatingMethodAccessorImpl.java:43) ~[na:1.8.0_40]
	at java.lang.reflect.Method.invoke(Method.java:497) ~[na:1.8.0_40]
	at org.eclipse.equinox.launcher.Main.invokeFramework(Main.java:648) [org.eclipse.equinox.launcher_1.3.0.v20140415-2008.jar:na]
	at org.eclipse.equinox.launcher.Main.basicRun(Main.java:603) [org.eclipse.equinox.launcher_1.3.0.v20140415-2008.jar:na]
	at org.eclipse.equinox.launcher.Main.run(Main.java:1465) [org.eclipse.equinox.launcher_1.3.0.v20140415-2008.jar:na]
2018-08-22 11:08:26,201 [Worker-7: Loading available Gradle versions] INFO  c.g.t.t.d.PublishedGradleVersions - Gradle version information cache is out-of-date. Trying to update.
2018-08-22 11:55:23,242 [Worker-6: Loading available Gradle versions] INFO  c.g.t.t.d.PublishedGradleVersions - Gradle version information cache is out-of-date. Trying to update.
2018-08-22 14:18:11,446 [Worker-1: Loading available Gradle versions] INFO  c.g.t.t.d.PublishedGradleVersions - Gradle version information cache is up-to-date. Trying to read.
2018-08-22 14:24:34,637 [Worker-3: Loading available Gradle versions] INFO  c.g.t.t.d.PublishedGradleVersions - Gradle version information cache is up-to-date. Trying to read.
2018-08-22 14:34:33,913 [main] ERROR o.e.m.c.i.p.r.ProjectRegistryReader - Can't read workspace state
java.io.InvalidClassException: org.eclipse.m2e.core.internal.project.registry.BasicProjectRegistry; local class incompatible: stream classdesc serialVersionUID = 5542512601401896748, local class serialVersionUID = 6232274446642339434
	at java.io.ObjectStreamClass.initNonProxy(Unknown Source) ~[na:1.8.0_161]
	at java.io.ObjectInputStream.readNonProxyDesc(Unknown Source) ~[na:1.8.0_161]
	at java.io.ObjectInputStream.readClassDesc(Unknown Source) ~[na:1.8.0_161]
	at java.io.ObjectInputStream.readNonProxyDesc(Unknown Source) ~[na:1.8.0_161]
	at java.io.ObjectInputStream.readClassDesc(Unknown Source) ~[na:1.8.0_161]
	at java.io.ObjectInputStream.readOrdinaryObject(Unknown Source) ~[na:1.8.0_161]
	at java.io.ObjectInputStream.readObject0(Unknown Source) ~[na:1.8.0_161]
	at java.io.ObjectInputStream.readObject(Unknown Source) ~[na:1.8.0_161]
	at org.eclipse.m2e.core.internal.project.registry.ProjectRegistryReader.readWorkspaceState(ProjectRegistryReader.java:100) ~[org.eclipse.m2e.core_1.9.0.20180606-2036.jar:na]
	at org.eclipse.m2e.core.internal.project.registry.ProjectRegistryManager.<init>(ProjectRegistryManager.java:164) [org.eclipse.m2e.core_1.9.0.20180606-2036.jar:na]
	at org.eclipse.m2e.core.internal.MavenPluginActivator.start(MavenPluginActivator.java:215) [org.eclipse.m2e.core_1.9.0.20180606-2036.jar:na]
	at org.eclipse.osgi.internal.framework.BundleContextImpl$3.run(BundleContextImpl.java:779) [org.eclipse.osgi_3.13.0.v20180409-1500.jar:na]
	at org.eclipse.osgi.internal.framework.BundleContextImpl$3.run(BundleContextImpl.java:1) [org.eclipse.osgi_3.13.0.v20180409-1500.jar:na]
	at java.security.AccessController.doPrivileged(Native Method) [na:1.8.0_161]
	at org.eclipse.osgi.internal.framework.BundleContextImpl.startActivator(BundleContextImpl.java:772) [org.eclipse.osgi_3.13.0.v20180409-1500.jar:na]
	at org.eclipse.osgi.internal.framework.BundleContextImpl.start(BundleContextImpl.java:729) [org.eclipse.osgi_3.13.0.v20180409-1500.jar:na]
	at org.eclipse.osgi.internal.framework.EquinoxBundle.startWorker0(EquinoxBundle.java:1002) [org.eclipse.osgi_3.13.0.v20180409-1500.jar:na]
	at org.eclipse.osgi.internal.framework.EquinoxBundle$EquinoxModule.startWorker(EquinoxBundle.java:354) [org.eclipse.osgi_3.13.0.v20180409-1500.jar:na]
	at org.eclipse.osgi.container.Module.doStart(Module.java:581) [org.eclipse.osgi_3.13.0.v20180409-1500.jar:na]
	at org.eclipse.osgi.container.Module.start(Module.java:449) [org.eclipse.osgi_3.13.0.v20180409-1500.jar:na]
	at org.eclipse.osgi.framework.util.SecureAction.start(SecureAction.java:468) [org.eclipse.osgi_3.13.0.v20180409-1500.jar:na]
	at org.eclipse.osgi.internal.hooks.EclipseLazyStarter.postFindLocalClass(EclipseLazyStarter.java:114) [org.eclipse.osgi_3.13.0.v20180409-1500.jar:na]
	at org.eclipse.osgi.internal.loader.classpath.ClasspathManager.findLocalClass(ClasspathManager.java:505) [org.eclipse.osgi_3.13.0.v20180409-1500.jar:na]
	at org.eclipse.osgi.internal.loader.ModuleClassLoader.findLocalClass(ModuleClassLoader.java:328) [org.eclipse.osgi_3.13.0.v20180409-1500.jar:na]
	at org.eclipse.osgi.internal.loader.BundleLoader.findLocalClass(BundleLoader.java:392) [org.eclipse.osgi_3.13.0.v20180409-1500.jar:na]
	at org.eclipse.osgi.internal.loader.sources.SingleSourcePackage.loadClass(SingleSourcePackage.java:36) [org.eclipse.osgi_3.13.0.v20180409-1500.jar:na]
	at org.eclipse.osgi.internal.loader.BundleLoader.findClassInternal(BundleLoader.java:466) [org.eclipse.osgi_3.13.0.v20180409-1500.jar:na]
	at org.eclipse.osgi.internal.loader.BundleLoader.findClass(BundleLoader.java:419) [org.eclipse.osgi_3.13.0.v20180409-1500.jar:na]
	at org.eclipse.osgi.internal.loader.BundleLoader.findClass(BundleLoader.java:411) [org.eclipse.osgi_3.13.0.v20180409-1500.jar:na]
	at org.eclipse.osgi.internal.loader.ModuleClassLoader.loadClass(ModuleClassLoader.java:150) [org.eclipse.osgi_3.13.0.v20180409-1500.jar:na]
	at java.lang.ClassLoader.loadClass(Unknown Source) [na:1.8.0_161]
	at java.lang.Class.getDeclaredConstructors0(Native Method) [na:1.8.0_161]
	at java.lang.Class.privateGetDeclaredConstructors(Unknown Source) [na:1.8.0_161]
	at java.lang.Class.getConstructor0(Unknown Source) [na:1.8.0_161]
	at java.lang.Class.newInstance(Unknown Source) [na:1.8.0_161]
	at org.eclipse.osgi.internal.framework.BundleContextImpl.loadBundleActivator(BundleContextImpl.java:763) [org.eclipse.osgi_3.13.0.v20180409-1500.jar:na]
	at org.eclipse.osgi.internal.framework.BundleContextImpl.start(BundleContextImpl.java:716) [org.eclipse.osgi_3.13.0.v20180409-1500.jar:na]
	at org.eclipse.osgi.internal.framework.EquinoxBundle.startWorker0(EquinoxBundle.java:1002) [org.eclipse.osgi_3.13.0.v20180409-1500.jar:na]
	at org.eclipse.osgi.internal.framework.EquinoxBundle$EquinoxModule.startWorker(EquinoxBundle.java:354) [org.eclipse.osgi_3.13.0.v20180409-1500.jar:na]
	at org.eclipse.osgi.container.Module.doStart(Module.java:581) [org.eclipse.osgi_3.13.0.v20180409-1500.jar:na]
	at org.eclipse.osgi.container.Module.start(Module.java:449) [org.eclipse.osgi_3.13.0.v20180409-1500.jar:na]
	at org.eclipse.osgi.framework.util.SecureAction.start(SecureAction.java:468) [org.eclipse.osgi_3.13.0.v20180409-1500.jar:na]
	at org.eclipse.osgi.internal.hooks.EclipseLazyStarter.postFindLocalClass(EclipseLazyStarter.java:114) [org.eclipse.osgi_3.13.0.v20180409-1500.jar:na]
	at org.eclipse.osgi.internal.loader.classpath.ClasspathManager.findLocalClass(ClasspathManager.java:505) [org.eclipse.osgi_3.13.0.v20180409-1500.jar:na]
	at org.eclipse.osgi.internal.loader.ModuleClassLoader.findLocalClass(ModuleClassLoader.java:328) [org.eclipse.osgi_3.13.0.v20180409-1500.jar:na]
	at org.eclipse.osgi.internal.loader.BundleLoader.findLocalClass(BundleLoader.java:392) [org.eclipse.osgi_3.13.0.v20180409-1500.jar:na]
	at org.eclipse.osgi.internal.loader.BundleLoader.findClassInternal(BundleLoader.java:470) [org.eclipse.osgi_3.13.0.v20180409-1500.jar:na]
	at org.eclipse.osgi.internal.loader.BundleLoader.findClass(BundleLoader.java:419) [org.eclipse.osgi_3.13.0.v20180409-1500.jar:na]
	at org.eclipse.osgi.internal.loader.BundleLoader.findClass(BundleLoader.java:411) [org.eclipse.osgi_3.13.0.v20180409-1500.jar:na]
	at org.eclipse.osgi.internal.loader.ModuleClassLoader.loadClass(ModuleClassLoader.java:150) [org.eclipse.osgi_3.13.0.v20180409-1500.jar:na]
	at java.lang.ClassLoader.loadClass(Unknown Source) [na:1.8.0_161]
	at org.eclipse.osgi.internal.framework.EquinoxBundle.loadClass(EquinoxBundle.java:609) [org.eclipse.osgi_3.13.0.v20180409-1500.jar:na]
	at org.eclipse.core.internal.registry.osgi.RegistryStrategyOSGI.createExecutableExtension(RegistryStrategyOSGI.java:177) [org.eclipse.equinox.registry_3.8.0.v20180426-1327.jar:na]
	at org.eclipse.core.internal.registry.ExtensionRegistry.createExecutableExtension(ExtensionRegistry.java:931) [org.eclipse.equinox.registry_3.8.0.v20180426-1327.jar:na]
	at org.eclipse.core.internal.registry.ConfigurationElement.createExecutableExtension(ConfigurationElement.java:243) [org.eclipse.equinox.registry_3.8.0.v20180426-1327.jar:na]
	at org.eclipse.core.internal.registry.ConfigurationElementHandle.createExecutableExtension(ConfigurationElementHandle.java:60) [org.eclipse.equinox.registry_3.8.0.v20180426-1327.jar:na]
	at org.eclipse.ui.internal.WorkbenchPlugin.lambda$0(WorkbenchPlugin.java:288) [org.eclipse.ui.workbench_3.111.0.v20180524-1156.jar:na]
	at org.eclipse.swt.custom.BusyIndicator.showWhile(BusyIndicator.java:71) ~[org.eclipse.swt.win32.win32.x86_64_3.107.0.v20180611-0422.jar:na]
	at org.eclipse.ui.internal.WorkbenchPlugin.createExtension(WorkbenchPlugin.java:285) [org.eclipse.ui.workbench_3.111.0.v20180524-1156.jar:na]
	at org.eclipse.ui.internal.dialogs.WorkbenchPreferenceNode.createPage(WorkbenchPreferenceNode.java:48) ~[org.eclipse.ui.workbench_3.111.0.v20180524-1156.jar:na]
	at org.eclipse.jface.preference.PreferenceDialog.createPage(PreferenceDialog.java:1276) ~[org.eclipse.jface_3.14.0.v20180423-0714.jar:na]
	at org.eclipse.ui.internal.dialogs.FilteredPreferenceDialog.createPage(FilteredPreferenceDialog.java:358) ~[org.eclipse.ui.workbench_3.111.0.v20180524-1156.jar:na]
	at org.eclipse.jface.preference.PreferenceDialog.showPage(PreferenceDialog.java:1163) ~[org.eclipse.jface_3.14.0.v20180423-0714.jar:na]
	at org.eclipse.ui.internal.dialogs.FilteredPreferenceDialog.showPage(FilteredPreferenceDialog.java:672) ~[org.eclipse.ui.workbench_3.111.0.v20180524-1156.jar:na]
	at org.eclipse.jface.preference.PreferenceDialog$5.lambda$0(PreferenceDialog.java:657) ~[org.eclipse.jface_3.14.0.v20180423-0714.jar:na]
	at org.eclipse.swt.custom.BusyIndicator.showWhile(BusyIndicator.java:71) ~[org.eclipse.swt.win32.win32.x86_64_3.107.0.v20180611-0422.jar:na]
	at org.eclipse.jface.preference.PreferenceDialog$5.selectionChanged(PreferenceDialog.java:654) ~[org.eclipse.jface_3.14.0.v20180423-0714.jar:na]
	at org.eclipse.jface.viewers.StructuredViewer$3.run(StructuredViewer.java:871) ~[org.eclipse.jface_3.14.0.v20180423-0714.jar:na]
	at org.eclipse.core.runtime.SafeRunner.run(SafeRunner.java:42) ~[org.eclipse.equinox.common_3.10.0.v20180412-1130.jar:na]
	at org.eclipse.ui.internal.JFaceUtil.lambda$0(JFaceUtil.java:44) ~[org.eclipse.ui.workbench_3.111.0.v20180524-1156.jar:na]
	at org.eclipse.jface.util.SafeRunnable.run(SafeRunnable.java:173) ~[org.eclipse.jface_3.14.0.v20180423-0714.jar:na]
	at org.eclipse.jface.viewers.StructuredViewer.firePostSelectionChanged(StructuredViewer.java:868) ~[org.eclipse.jface_3.14.0.v20180423-0714.jar:na]
	at org.eclipse.jface.viewers.StructuredViewer.handlePostSelect(StructuredViewer.java:1237) ~[org.eclipse.jface_3.14.0.v20180423-0714.jar:na]
	at org.eclipse.jface.viewers.StructuredViewer.lambda$0(StructuredViewer.java:1260) ~[org.eclipse.jface_3.14.0.v20180423-0714.jar:na]
	at org.eclipse.swt.events.SelectionListener$1.widgetSelected(SelectionListener.java:81) ~[org.eclipse.swt.win32.win32.x86_64_3.107.0.v20180611-0422.jar:na]
	at org.eclipse.jface.util.OpenStrategy.firePostSelectionEvent(OpenStrategy.java:261) ~[org.eclipse.jface_3.14.0.v20180423-0714.jar:na]
	at org.eclipse.jface.util.OpenStrategy.access$5(OpenStrategy.java:256) ~[org.eclipse.jface_3.14.0.v20180423-0714.jar:na]
	at org.eclipse.jface.util.OpenStrategy$1.lambda$1(OpenStrategy.java:426) ~[org.eclipse.jface_3.14.0.v20180423-0714.jar:na]
	at org.eclipse.swt.widgets.RunnableLock.run(RunnableLock.java:37) ~[org.eclipse.swt.win32.win32.x86_64_3.107.0.v20180611-0422.jar:na]
	at org.eclipse.swt.widgets.Synchronizer.runAsyncMessages(Synchronizer.java:182) ~[org.eclipse.swt.win32.win32.x86_64_3.107.0.v20180611-0422.jar:na]
	at org.eclipse.swt.widgets.Display.runAsyncMessages(Display.java:3906) ~[org.eclipse.swt.win32.win32.x86_64_3.107.0.v20180611-0422.jar:na]
	at org.eclipse.swt.widgets.Display.readAndDispatch(Display.java:3537) ~[org.eclipse.swt.win32.win32.x86_64_3.107.0.v20180611-0422.jar:na]
	at org.eclipse.jface.window.Window.runEventLoop(Window.java:818) ~[org.eclipse.jface_3.14.0.v20180423-0714.jar:na]
	at org.eclipse.jface.window.Window.open(Window.java:794) ~[org.eclipse.jface_3.14.0.v20180423-0714.jar:na]
	at org.eclipse.ui.internal.dialogs.WorkbenchPreferenceDialog.open(WorkbenchPreferenceDialog.java:211) ~[org.eclipse.ui.workbench_3.111.0.v20180524-1156.jar:na]
	at org.eclipse.ui.internal.OpenPreferencesAction.run(OpenPreferencesAction.java:63) ~[org.eclipse.ui.workbench_3.111.0.v20180524-1156.jar:na]
	at org.eclipse.jface.action.Action.runWithEvent(Action.java:473) ~[org.eclipse.jface_3.14.0.v20180423-0714.jar:na]
	at org.eclipse.jface.action.ActionContributionItem.handleWidgetSelection(ActionContributionItem.java:565) ~[org.eclipse.jface_3.14.0.v20180423-0714.jar:na]
	at org.eclipse.jface.action.ActionContributionItem.lambda$4(ActionContributionItem.java:397) ~[org.eclipse.jface_3.14.0.v20180423-0714.jar:na]
	at org.eclipse.swt.widgets.EventTable.sendEvent(EventTable.java:86) ~[org.eclipse.swt.win32.win32.x86_64_3.107.0.v20180611-0422.jar:na]
	at org.eclipse.swt.widgets.Display.sendEvent(Display.java:4118) ~[org.eclipse.swt.win32.win32.x86_64_3.107.0.v20180611-0422.jar:na]
	at org.eclipse.swt.widgets.Widget.sendEvent(Widget.java:1052) ~[org.eclipse.swt.win32.win32.x86_64_3.107.0.v20180611-0422.jar:na]
	at org.eclipse.swt.widgets.Display.runDeferredEvents(Display.java:3931) ~[org.eclipse.swt.win32.win32.x86_64_3.107.0.v20180611-0422.jar:na]
	at org.eclipse.swt.widgets.Display.readAndDispatch(Display.java:3534) ~[org.eclipse.swt.win32.win32.x86_64_3.107.0.v20180611-0422.jar:na]
	at org.eclipse.e4.ui.internal.workbench.swt.PartRenderingEngine$5.run(PartRenderingEngine.java:1170) ~[org.eclipse.e4.ui.workbench.swt_0.14.200.v20180516-2019.jar:na]
	at org.eclipse.core.databinding.observable.Realm.runWithDefault(Realm.java:336) ~[org.eclipse.core.databinding.observable_1.6.200.v20180424-1922.jar:na]
	at org.eclipse.e4.ui.internal.workbench.swt.PartRenderingEngine.run(PartRenderingEngine.java:1059) ~[org.eclipse.e4.ui.workbench.swt_0.14.200.v20180516-2019.jar:na]
	at org.eclipse.e4.ui.internal.workbench.E4Workbench.createAndRunUI(E4Workbench.java:153) ~[org.eclipse.e4.ui.workbench_1.6.0.v20180516-2019.jar:na]
	at org.eclipse.ui.internal.Workbench.lambda$3(Workbench.java:667) ~[org.eclipse.ui.workbench_3.111.0.v20180524-1156.jar:na]
	at org.eclipse.core.databinding.observable.Realm.runWithDefault(Realm.java:336) ~[org.eclipse.core.databinding.observable_1.6.200.v20180424-1922.jar:na]
	at org.eclipse.ui.internal.Workbench.createAndRunWorkbench(Workbench.java:597) ~[org.eclipse.ui.workbench_3.111.0.v20180524-1156.jar:na]
	at org.eclipse.ui.PlatformUI.createAndRunWorkbench(PlatformUI.java:148) ~[org.eclipse.ui.workbench_3.111.0.v20180524-1156.jar:na]
	at org.eclipse.ui.internal.ide.application.IDEApplication.start(IDEApplication.java:152) ~[na:na]
	at org.eclipse.equinox.internal.app.EclipseAppHandle.run(EclipseAppHandle.java:196) ~[org.eclipse.equinox.app_1.3.500.v20171221-2204.jar:na]
	at org.eclipse.core.runtime.internal.adaptor.EclipseAppLauncher.runApplication(EclipseAppLauncher.java:134) ~[org.eclipse.osgi_3.13.0.v20180409-1500.jar:na]
	at org.eclipse.core.runtime.internal.adaptor.EclipseAppLauncher.start(EclipseAppLauncher.java:104) ~[org.eclipse.osgi_3.13.0.v20180409-1500.jar:na]
	at org.eclipse.core.runtime.adaptor.EclipseStarter.run(EclipseStarter.java:388) ~[org.eclipse.osgi_3.13.0.v20180409-1500.jar:na]
	at org.eclipse.core.runtime.adaptor.EclipseStarter.run(EclipseStarter.java:243) ~[org.eclipse.osgi_3.13.0.v20180409-1500.jar:na]
	at sun.reflect.NativeMethodAccessorImpl.invoke0(Native Method) ~[na:1.8.0_161]
	at sun.reflect.NativeMethodAccessorImpl.invoke(Unknown Source) ~[na:1.8.0_161]
	at sun.reflect.DelegatingMethodAccessorImpl.invoke(Unknown Source) ~[na:1.8.0_161]
	at java.lang.reflect.Method.invoke(Unknown Source) ~[na:1.8.0_161]
	at org.eclipse.equinox.launcher.Main.invokeFramework(Main.java:656) ~[org.eclipse.equinox.launcher_1.5.0.v20180512-1130.jar:na]
	at org.eclipse.equinox.launcher.Main.basicRun(Main.java:592) ~[org.eclipse.equinox.launcher_1.5.0.v20180512-1130.jar:na]
	at org.eclipse.equinox.launcher.Main.run(Main.java:1498) ~[org.eclipse.equinox.launcher_1.5.0.v20180512-1130.jar:na]
2018-08-22 14:36:27,163 [Worker-5: Loading available Gradle versions] INFO  c.g.t.t.d.PublishedGradleVersions - Gradle version information cache is up-to-date. Trying to read.
2018-08-22 14:50:49,529 [Worker-3: Loading available Gradle versions] INFO  c.g.t.t.d.PublishedGradleVersions - Gradle version information cache is up-to-date. Trying to read.
2018-08-22 15:01:01,181 [Worker-4: Loading available Gradle versions] INFO  c.g.t.t.d.PublishedGradleVersions - Gradle version information cache is up-to-date. Trying to read.
2018-08-22 15:15:57,467 [Worker-0: Loading available Gradle versions] INFO  c.g.t.t.d.PublishedGradleVersions - Gradle version information cache is up-to-date. Trying to read.
2018-08-22 15:24:55,329 [Worker-4: Loading available Gradle versions] INFO  c.g.t.t.d.PublishedGradleVersions - Gradle version information cache is up-to-date. Trying to read.
2018-08-22 15:44:07,218 [Worker-4: Loading available Gradle versions] INFO  c.g.t.t.d.PublishedGradleVersions - Gradle version information cache is up-to-date. Trying to read.
2018-08-27 09:27:49,365 [Worker-4: Loading available Gradle versions] INFO  c.g.t.t.d.PublishedGradleVersions - Gradle version information cache is out-of-date. Trying to update.
2018-08-27 13:28:39,804 [Worker-42: Loading available Gradle versions] INFO  c.g.t.t.d.PublishedGradleVersions - Gradle version information cache is up-to-date. Trying to read.
